2021-06-07 14:31:07,877 - Log4JLogChute initialized using file 'velocity.log'
2021-06-07 14:31:07,878 - Initializing Velocity, Calling init()...
2021-06-07 14:31:07,878 - Starting Apache Velocity v1.7 (compiled: 2010-11-19 12:14:37)
2021-06-07 14:31:07,878 - Default Properties File: org\apache\velocity\runtime\defaults\velocity.properties
2021-06-07 14:31:07,878 - Trying to use logger class org.apache.velocity.runtime.log.AvalonLogChute
2021-06-07 14:31:07,878 - Target log system for org.apache.velocity.runtime.log.AvalonLogChute is not available (java.lang.NoClassDefFoundError: org/apache/log/Priority).  Falling back to next log system...
2021-06-07 14:31:07,878 - Trying to use logger class org.apache.velocity.runtime.log.Log4JLogChute
2021-06-07 14:31:07,878 - Using logger class org.apache.velocity.runtime.log.Log4JLogChute
2021-06-07 14:31:07,885 - ResourceLoader instantiated: org.apache.velocity.runtime.resource.loader.ClasspathResourceLoader
2021-06-07 14:31:07,949 - ResourceCache: initialized (class org.apache.velocity.runtime.resource.ResourceCacheImpl) with class java.util.Collections$SynchronizedMap cache map.
2021-06-07 14:31:07,954 - Loaded System Directive: org.apache.velocity.runtime.directive.Stop
2021-06-07 14:31:07,956 - Loaded System Directive: org.apache.velocity.runtime.directive.Define
2021-06-07 14:31:07,957 - Loaded System Directive: org.apache.velocity.runtime.directive.Break
2021-06-07 14:31:07,958 - Loaded System Directive: org.apache.velocity.runtime.directive.Evaluate
2021-06-07 14:31:07,959 - Loaded System Directive: org.apache.velocity.runtime.directive.Literal
2021-06-07 14:31:07,960 - Loaded System Directive: org.apache.velocity.runtime.directive.Macro
2021-06-07 14:31:07,961 - Loaded System Directive: org.apache.velocity.runtime.directive.Parse
2021-06-07 14:31:07,962 - Loaded System Directive: org.apache.velocity.runtime.directive.Include
2021-06-07 14:31:07,965 - Loaded System Directive: org.apache.velocity.runtime.directive.Foreach
2021-06-07 14:31:08,015 - Created '20' parsers.
2021-06-07 14:31:08,025 - Velocimacro : "velocimacro.library" is not set.  Trying default library: VM_global_library.vm
2021-06-07 14:31:08,033 - Could not load resource 'VM_global_library.vm' from ResourceLoader org.apache.velocity.runtime.resource.loader.ClasspathResourceLoader: ClasspathResourceLoader Error: cannot find resource VM_global_library.vm
2021-06-07 14:31:08,033 - Velocimacro : Default library not found.
2021-06-07 14:31:08,033 - Velocimacro : allowInline = true : VMs can be defined inline in templates
2021-06-07 14:31:08,033 - Velocimacro : allowInlineToOverride = false : VMs defined inline may NOT replace previous VM definitions
2021-06-07 14:31:08,033 - Velocimacro : allowInlineLocal = false : VMs defined inline will be global in scope if allowed.
2021-06-07 14:31:08,033 - Velocimacro : autoload off : VM system will not automatically reload global library macros
2021-06-07 14:31:08,319 - ResourceManager : found vm/java/domain.java.vm with loader org.apache.velocity.runtime.resource.loader.ClasspathResourceLoader
2021-06-07 14:31:08,494 - Null reference [template 'vm/java/domain.java.vm', line 28, column 9] : $column.columnComment cannot be resolved.
2021-06-07 14:31:08,495 - RHS of #set statement is null. Context will not be modified. vm/java/domain.java.vm[line 30, column 1]
2021-06-07 14:31:08,497 - Left side ($parentheseIndex) of '!=' operation has null value. If it is a reference, it may not be in the context or its toString() returned null. vm/java/domain.java.vm[line 31, column 24]
2021-06-07 14:31:08,497 - RHS of #set statement is null. Context will not be modified. vm/java/domain.java.vm[line 32, column 1]
2021-06-07 14:31:08,497 - Left side ($parentheseIndex) of '!=' operation has null value. If it is a reference, it may not be in the context or its toString() returned null. vm/java/domain.java.vm[line 36, column 24]
2021-06-07 14:31:08,497 - Null reference [template 'vm/java/domain.java.vm', line 37, column 20] : ${comment} cannot be resolved.
2021-06-07 14:31:08,553 - Null reference [template 'vm/java/domain.java.vm', line 37, column 53] : $column.readConverterExp() cannot be resolved.
2021-06-07 14:31:08,553 - Null reference [template 'vm/java/domain.java.vm', line 28, column 9] : $column.columnComment cannot be resolved.
2021-06-07 14:31:08,553 - RHS of #set statement is null. Context will not be modified. vm/java/domain.java.vm[line 30, column 1]
2021-06-07 14:31:08,553 - Left side ($parentheseIndex) of '!=' operation has null value. If it is a reference, it may not be in the context or its toString() returned null. vm/java/domain.java.vm[line 31, column 24]
2021-06-07 14:31:08,554 - RHS of #set statement is null. Context will not be modified. vm/java/domain.java.vm[line 32, column 1]
2021-06-07 14:31:08,554 - Left side ($parentheseIndex) of '!=' operation has null value. If it is a reference, it may not be in the context or its toString() returned null. vm/java/domain.java.vm[line 36, column 24]
2021-06-07 14:31:08,554 - Null reference [template 'vm/java/domain.java.vm', line 37, column 20] : ${comment} cannot be resolved.
2021-06-07 14:31:08,554 - Null reference [template 'vm/java/domain.java.vm', line 37, column 53] : $column.readConverterExp() cannot be resolved.
2021-06-07 14:31:08,554 - Null reference [template 'vm/java/domain.java.vm', line 28, column 9] : $column.columnComment cannot be resolved.
2021-06-07 14:31:08,554 - RHS of #set statement is null. Context will not be modified. vm/java/domain.java.vm[line 30, column 1]
2021-06-07 14:31:08,554 - Left side ($parentheseIndex) of '!=' operation has null value. If it is a reference, it may not be in the context or its toString() returned null. vm/java/domain.java.vm[line 31, column 24]
2021-06-07 14:31:08,554 - RHS of #set statement is null. Context will not be modified. vm/java/domain.java.vm[line 32, column 1]
2021-06-07 14:31:08,554 - Left side ($parentheseIndex) of '!=' operation has null value. If it is a reference, it may not be in the context or its toString() returned null. vm/java/domain.java.vm[line 36, column 24]
2021-06-07 14:31:08,554 - Null reference [template 'vm/java/domain.java.vm', line 37, column 20] : ${comment} cannot be resolved.
2021-06-07 14:31:08,554 - Null reference [template 'vm/java/domain.java.vm', line 37, column 53] : $column.readConverterExp() cannot be resolved.
2021-06-07 14:31:08,554 - Null reference [template 'vm/java/domain.java.vm', line 28, column 9] : $column.columnComment cannot be resolved.
2021-06-07 14:31:08,554 - Null reference [template 'vm/java/domain.java.vm', line 28, column 9] : $column.columnComment cannot be resolved.
2021-06-07 14:31:08,554 - Null reference [template 'vm/java/domain.java.vm', line 28, column 9] : $column.columnComment cannot be resolved.
2021-06-07 14:31:08,555 - Null reference [template 'vm/java/domain.java.vm', line 28, column 9] : $column.columnComment cannot be resolved.
2021-06-07 14:31:08,555 - Null reference [template 'vm/java/domain.java.vm', line 28, column 9] : $column.columnComment cannot be resolved.
2021-06-07 14:31:08,555 - Null reference [template 'vm/java/domain.java.vm', line 28, column 9] : $column.columnComment cannot be resolved.
2021-06-07 14:31:08,555 - Null reference [template 'vm/java/domain.java.vm', line 28, column 9] : $column.columnComment cannot be resolved.
2021-06-07 14:31:08,555 - Null reference [template 'vm/java/domain.java.vm', line 28, column 9] : $column.columnComment cannot be resolved.
2021-06-07 14:31:08,555 - Null reference [template 'vm/java/domain.java.vm', line 28, column 9] : $column.columnComment cannot be resolved.
2021-06-07 14:31:08,555 - Null reference [template 'vm/java/domain.java.vm', line 28, column 9] : $column.columnComment cannot be resolved.
2021-06-07 14:31:08,555 - Null reference [template 'vm/java/domain.java.vm', line 28, column 9] : $column.columnComment cannot be resolved.
2021-06-07 14:31:08,556 - Null reference [template 'vm/java/domain.java.vm', line 28, column 9] : $column.columnComment cannot be resolved.
2021-06-07 14:31:08,556 - Null reference [template 'vm/java/domain.java.vm', line 28, column 9] : $column.columnComment cannot be resolved.
2021-06-07 14:31:08,557 - Null reference [template 'vm/java/domain.java.vm', line 28, column 9] : $column.columnComment cannot be resolved.
2021-06-07 14:31:08,557 - Null reference [template 'vm/java/domain.java.vm', line 28, column 9] : $column.columnComment cannot be resolved.
2021-06-07 14:31:08,557 - Null reference [template 'vm/java/domain.java.vm', line 28, column 9] : $column.columnComment cannot be resolved.
2021-06-07 14:31:08,557 - Null reference [template 'vm/java/domain.java.vm', line 28, column 9] : $column.columnComment cannot be resolved.
2021-06-07 14:31:08,557 - Null reference [template 'vm/java/domain.java.vm', line 28, column 9] : $column.columnComment cannot be resolved.
2021-06-07 14:31:08,557 - Null reference [template 'vm/java/domain.java.vm', line 28, column 9] : $column.columnComment cannot be resolved.
2021-06-07 14:31:08,557 - Null reference [template 'vm/java/domain.java.vm', line 28, column 9] : $column.columnComment cannot be resolved.
2021-06-07 14:31:08,557 - Null reference [template 'vm/java/domain.java.vm', line 28, column 9] : $column.columnComment cannot be resolved.
2021-06-07 14:31:08,557 - Null reference [template 'vm/java/domain.java.vm', line 28, column 9] : $column.columnComment cannot be resolved.
2021-06-07 14:31:08,558 - Null reference [template 'vm/java/domain.java.vm', line 28, column 9] : $column.columnComment cannot be resolved.
2021-06-07 14:31:08,558 - Null reference [template 'vm/java/domain.java.vm', line 28, column 9] : $column.columnComment cannot be resolved.
2021-06-07 14:31:08,558 - Null reference [template 'vm/java/domain.java.vm', line 28, column 9] : $column.columnComment cannot be resolved.
2021-06-07 14:31:08,558 - Null reference [template 'vm/java/domain.java.vm', line 28, column 9] : $column.columnComment cannot be resolved.
2021-06-07 14:31:08,558 - Null reference [template 'vm/java/domain.java.vm', line 28, column 9] : $column.columnComment cannot be resolved.
2021-06-07 14:31:08,558 - Null reference [template 'vm/java/domain.java.vm', line 28, column 9] : $column.columnComment cannot be resolved.
2021-06-07 14:31:08,558 - RHS of #set statement is null. Context will not be modified. vm/java/domain.java.vm[line 30, column 1]
2021-06-07 14:31:08,558 - Left side ($parentheseIndex) of '!=' operation has null value. If it is a reference, it may not be in the context or its toString() returned null. vm/java/domain.java.vm[line 31, column 24]
2021-06-07 14:31:08,558 - RHS of #set statement is null. Context will not be modified. vm/java/domain.java.vm[line 32, column 1]
2021-06-07 14:31:08,558 - Left side ($parentheseIndex) of '!=' operation has null value. If it is a reference, it may not be in the context or its toString() returned null. vm/java/domain.java.vm[line 36, column 24]
2021-06-07 14:31:08,558 - Null reference [template 'vm/java/domain.java.vm', line 37, column 20] : ${comment} cannot be resolved.
2021-06-07 14:31:08,558 - Null reference [template 'vm/java/domain.java.vm', line 37, column 53] : $column.readConverterExp() cannot be resolved.
2021-06-07 14:31:08,558 - Null reference [template 'vm/java/domain.java.vm', line 28, column 9] : $column.columnComment cannot be resolved.
2021-06-07 14:31:08,559 - Null reference [template 'vm/java/domain.java.vm', line 28, column 9] : $column.columnComment cannot be resolved.
2021-06-07 14:31:08,559 - RHS of #set statement is null. Context will not be modified. vm/java/domain.java.vm[line 30, column 1]
2021-06-07 14:31:08,559 - Left side ($parentheseIndex) of '!=' operation has null value. If it is a reference, it may not be in the context or its toString() returned null. vm/java/domain.java.vm[line 31, column 24]
2021-06-07 14:31:08,559 - RHS of #set statement is null. Context will not be modified. vm/java/domain.java.vm[line 32, column 1]
2021-06-07 14:31:08,559 - Left side ($parentheseIndex) of '!=' operation has null value. If it is a reference, it may not be in the context or its toString() returned null. vm/java/domain.java.vm[line 36, column 24]
2021-06-07 14:31:08,559 - Null reference [template 'vm/java/domain.java.vm', line 37, column 20] : ${comment} cannot be resolved.
2021-06-07 14:31:08,559 - Null reference [template 'vm/java/domain.java.vm', line 37, column 53] : $column.readConverterExp() cannot be resolved.
2021-06-07 14:31:08,559 - Null reference [template 'vm/java/domain.java.vm', line 28, column 9] : $column.columnComment cannot be resolved.
2021-06-07 14:31:08,559 - Null reference [template 'vm/java/domain.java.vm', line 28, column 9] : $column.columnComment cannot be resolved.
2021-06-07 14:31:08,559 - Null reference [template 'vm/java/domain.java.vm', line 28, column 9] : $column.columnComment cannot be resolved.
2021-06-07 14:31:08,559 - Null reference [template 'vm/java/domain.java.vm', line 28, column 9] : $column.columnComment cannot be resolved.
2021-06-07 14:31:08,559 - Null reference [template 'vm/java/domain.java.vm', line 28, column 9] : $column.columnComment cannot be resolved.
2021-06-07 14:31:08,559 - Null reference [template 'vm/java/domain.java.vm', line 28, column 9] : $column.columnComment cannot be resolved.
2021-06-07 14:31:08,559 - Null reference [template 'vm/java/domain.java.vm', line 28, column 9] : $column.columnComment cannot be resolved.
2021-06-07 14:31:08,559 - Null reference [template 'vm/java/domain.java.vm', line 28, column 9] : $column.columnComment cannot be resolved.
2021-06-07 14:31:08,559 - Null reference [template 'vm/java/domain.java.vm', line 28, column 9] : $column.columnComment cannot be resolved.
2021-06-07 14:31:08,560 - Null reference [template 'vm/java/domain.java.vm', line 28, column 9] : $column.columnComment cannot be resolved.
2021-06-07 14:31:08,560 - Null reference [template 'vm/java/domain.java.vm', line 28, column 9] : $column.columnComment cannot be resolved.
2021-06-07 14:31:08,560 - Null reference [template 'vm/java/domain.java.vm', line 28, column 9] : $column.columnComment cannot be resolved.
2021-06-07 14:31:08,788 - ResourceManager : found vm/java/mapper.java.vm with loader org.apache.velocity.runtime.resource.loader.ClasspathResourceLoader
2021-06-07 14:31:08,794 - ResourceManager : found vm/java/service.java.vm with loader org.apache.velocity.runtime.resource.loader.ClasspathResourceLoader
2021-06-07 14:31:08,813 - ResourceManager : found vm/java/serviceImpl.java.vm with loader org.apache.velocity.runtime.resource.loader.ClasspathResourceLoader
2021-06-07 14:31:08,820 - ResourceManager : found vm/java/controller.java.vm with loader org.apache.velocity.runtime.resource.loader.ClasspathResourceLoader
2021-06-07 14:31:08,877 - ResourceManager : found vm/xml/mapper.xml.vm with loader org.apache.velocity.runtime.resource.loader.ClasspathResourceLoader
2021-06-07 14:31:08,932 - ResourceManager : found vm/sql/sql.vm with loader org.apache.velocity.runtime.resource.loader.ClasspathResourceLoader
2021-06-07 14:31:08,945 - ResourceManager : found vm/js/api.js.vm with loader org.apache.velocity.runtime.resource.loader.ClasspathResourceLoader
2021-06-07 14:31:08,968 - ResourceManager : found vm/vue/index.vue.vm with loader org.apache.velocity.runtime.resource.loader.ClasspathResourceLoader
2021-06-07 14:31:08,968 - RHS of #set statement is null. Context will not be modified. vm/vue/index.vue.vm[line 8, column 1]
2021-06-07 14:31:08,968 - Left side ($parentheseIndex) of '!=' operation has null value. If it is a reference, it may not be in the context or its toString() returned null. vm/vue/index.vue.vm[line 9, column 24]
2021-06-07 14:31:08,968 - RHS of #set statement is null. Context will not be modified. vm/vue/index.vue.vm[line 10, column 1]
2021-06-07 14:31:08,968 - Null reference [template 'vm/vue/index.vue.vm', line 15, column 28] : ${comment} cannot be resolved.
2021-06-07 14:31:08,968 - Null reference [template 'vm/vue/index.vue.vm', line 18, column 27] : ${comment} cannot be resolved.
2021-06-07 14:31:08,968 - RHS of #set statement is null. Context will not be modified. vm/vue/index.vue.vm[line 8, column 1]
2021-06-07 14:31:08,968 - Left side ($parentheseIndex) of '!=' operation has null value. If it is a reference, it may not be in the context or its toString() returned null. vm/vue/index.vue.vm[line 9, column 24]
2021-06-07 14:31:08,968 - RHS of #set statement is null. Context will not be modified. vm/vue/index.vue.vm[line 10, column 1]
2021-06-07 14:31:08,969 - Null reference [template 'vm/vue/index.vue.vm', line 15, column 28] : ${comment} cannot be resolved.
2021-06-07 14:31:08,969 - Null reference [template 'vm/vue/index.vue.vm', line 18, column 27] : ${comment} cannot be resolved.
2021-06-07 14:31:08,969 - RHS of #set statement is null. Context will not be modified. vm/vue/index.vue.vm[line 8, column 1]
2021-06-07 14:31:08,969 - Left side ($parentheseIndex) of '!=' operation has null value. If it is a reference, it may not be in the context or its toString() returned null. vm/vue/index.vue.vm[line 9, column 24]
2021-06-07 14:31:08,969 - RHS of #set statement is null. Context will not be modified. vm/vue/index.vue.vm[line 10, column 1]
2021-06-07 14:31:08,969 - Null reference [template 'vm/vue/index.vue.vm', line 15, column 28] : ${comment} cannot be resolved.
2021-06-07 14:31:08,969 - Null reference [template 'vm/vue/index.vue.vm', line 18, column 27] : ${comment} cannot be resolved.
2021-06-07 14:31:08,969 - RHS of #set statement is null. Context will not be modified. vm/vue/index.vue.vm[line 8, column 1]
2021-06-07 14:31:08,969 - Left side ($parentheseIndex) of '!=' operation has null value. If it is a reference, it may not be in the context or its toString() returned null. vm/vue/index.vue.vm[line 9, column 24]
2021-06-07 14:31:08,969 - RHS of #set statement is null. Context will not be modified. vm/vue/index.vue.vm[line 10, column 1]
2021-06-07 14:31:08,969 - Null reference [template 'vm/vue/index.vue.vm', line 15, column 28] : ${comment} cannot be resolved.
2021-06-07 14:31:08,969 - Null reference [template 'vm/vue/index.vue.vm', line 18, column 27] : ${comment} cannot be resolved.
2021-06-07 14:31:08,969 - RHS of #set statement is null. Context will not be modified. vm/vue/index.vue.vm[line 8, column 1]
2021-06-07 14:31:08,969 - Left side ($parentheseIndex) of '!=' operation has null value. If it is a reference, it may not be in the context or its toString() returned null. vm/vue/index.vue.vm[line 9, column 24]
2021-06-07 14:31:08,969 - RHS of #set statement is null. Context will not be modified. vm/vue/index.vue.vm[line 10, column 1]
2021-06-07 14:31:08,969 - Null reference [template 'vm/vue/index.vue.vm', line 15, column 28] : ${comment} cannot be resolved.
2021-06-07 14:31:08,969 - Null reference [template 'vm/vue/index.vue.vm', line 18, column 27] : ${comment} cannot be resolved.
2021-06-07 14:31:08,969 - RHS of #set statement is null. Context will not be modified. vm/vue/index.vue.vm[line 104, column 1]
2021-06-07 14:31:08,969 - Left side ($parentheseIndex) of '!=' operation has null value. If it is a reference, it may not be in the context or its toString() returned null. vm/vue/index.vue.vm[line 105, column 24]
2021-06-07 14:31:08,969 - RHS of #set statement is null. Context will not be modified. vm/vue/index.vue.vm[line 106, column 1]
2021-06-07 14:31:08,969 - Null reference [template 'vm/vue/index.vue.vm', line 121, column 31] : ${comment} cannot be resolved.
2021-06-07 14:31:08,969 - RHS of #set statement is null. Context will not be modified. vm/vue/index.vue.vm[line 104, column 1]
2021-06-07 14:31:08,969 - Left side ($parentheseIndex) of '!=' operation has null value. If it is a reference, it may not be in the context or its toString() returned null. vm/vue/index.vue.vm[line 105, column 24]
2021-06-07 14:31:08,969 - RHS of #set statement is null. Context will not be modified. vm/vue/index.vue.vm[line 106, column 1]
2021-06-07 14:31:08,969 - Null reference [template 'vm/vue/index.vue.vm', line 121, column 31] : ${comment} cannot be resolved.
2021-06-07 14:31:08,969 - RHS of #set statement is null. Context will not be modified. vm/vue/index.vue.vm[line 104, column 1]
2021-06-07 14:31:08,969 - Left side ($parentheseIndex) of '!=' operation has null value. If it is a reference, it may not be in the context or its toString() returned null. vm/vue/index.vue.vm[line 105, column 24]
2021-06-07 14:31:08,969 - RHS of #set statement is null. Context will not be modified. vm/vue/index.vue.vm[line 106, column 1]
2021-06-07 14:31:08,969 - Null reference [template 'vm/vue/index.vue.vm', line 121, column 31] : ${comment} cannot be resolved.
2021-06-07 14:31:08,969 - RHS of #set statement is null. Context will not be modified. vm/vue/index.vue.vm[line 104, column 1]
2021-06-07 14:31:08,969 - Left side ($parentheseIndex) of '!=' operation has null value. If it is a reference, it may not be in the context or its toString() returned null. vm/vue/index.vue.vm[line 105, column 24]
2021-06-07 14:31:08,970 - RHS of #set statement is null. Context will not be modified. vm/vue/index.vue.vm[line 106, column 1]
2021-06-07 14:31:08,970 - RHS of #set statement is null. Context will not be modified. vm/vue/index.vue.vm[line 104, column 1]
2021-06-07 14:31:08,970 - Left side ($parentheseIndex) of '!=' operation has null value. If it is a reference, it may not be in the context or its toString() returned null. vm/vue/index.vue.vm[line 105, column 24]
2021-06-07 14:31:08,970 - RHS of #set statement is null. Context will not be modified. vm/vue/index.vue.vm[line 106, column 1]
2021-06-07 14:31:08,970 - RHS of #set statement is null. Context will not be modified. vm/vue/index.vue.vm[line 104, column 1]
2021-06-07 14:31:08,970 - Left side ($parentheseIndex) of '!=' operation has null value. If it is a reference, it may not be in the context or its toString() returned null. vm/vue/index.vue.vm[line 105, column 24]
2021-06-07 14:31:08,970 - RHS of #set statement is null. Context will not be modified. vm/vue/index.vue.vm[line 106, column 1]
2021-06-07 14:31:08,970 - RHS of #set statement is null. Context will not be modified. vm/vue/index.vue.vm[line 104, column 1]
2021-06-07 14:31:08,970 - Left side ($parentheseIndex) of '!=' operation has null value. If it is a reference, it may not be in the context or its toString() returned null. vm/vue/index.vue.vm[line 105, column 24]
2021-06-07 14:31:08,970 - RHS of #set statement is null. Context will not be modified. vm/vue/index.vue.vm[line 106, column 1]
2021-06-07 14:31:08,970 - RHS of #set statement is null. Context will not be modified. vm/vue/index.vue.vm[line 104, column 1]
2021-06-07 14:31:08,970 - Left side ($parentheseIndex) of '!=' operation has null value. If it is a reference, it may not be in the context or its toString() returned null. vm/vue/index.vue.vm[line 105, column 24]
2021-06-07 14:31:08,970 - RHS of #set statement is null. Context will not be modified. vm/vue/index.vue.vm[line 106, column 1]
2021-06-07 14:31:08,970 - RHS of #set statement is null. Context will not be modified. vm/vue/index.vue.vm[line 104, column 1]
2021-06-07 14:31:08,970 - Left side ($parentheseIndex) of '!=' operation has null value. If it is a reference, it may not be in the context or its toString() returned null. vm/vue/index.vue.vm[line 105, column 24]
2021-06-07 14:31:08,970 - RHS of #set statement is null. Context will not be modified. vm/vue/index.vue.vm[line 106, column 1]
2021-06-07 14:31:08,970 - RHS of #set statement is null. Context will not be modified. vm/vue/index.vue.vm[line 104, column 1]
2021-06-07 14:31:08,970 - Left side ($parentheseIndex) of '!=' operation has null value. If it is a reference, it may not be in the context or its toString() returned null. vm/vue/index.vue.vm[line 105, column 24]
2021-06-07 14:31:08,970 - RHS of #set statement is null. Context will not be modified. vm/vue/index.vue.vm[line 106, column 1]
2021-06-07 14:31:08,970 - RHS of #set statement is null. Context will not be modified. vm/vue/index.vue.vm[line 104, column 1]
2021-06-07 14:31:08,970 - Left side ($parentheseIndex) of '!=' operation has null value. If it is a reference, it may not be in the context or its toString() returned null. vm/vue/index.vue.vm[line 105, column 24]
2021-06-07 14:31:08,970 - RHS of #set statement is null. Context will not be modified. vm/vue/index.vue.vm[line 106, column 1]
2021-06-07 14:31:08,970 - RHS of #set statement is null. Context will not be modified. vm/vue/index.vue.vm[line 104, column 1]
2021-06-07 14:31:08,970 - Left side ($parentheseIndex) of '!=' operation has null value. If it is a reference, it may not be in the context or its toString() returned null. vm/vue/index.vue.vm[line 105, column 24]
2021-06-07 14:31:08,970 - RHS of #set statement is null. Context will not be modified. vm/vue/index.vue.vm[line 106, column 1]
2021-06-07 14:31:08,970 - RHS of #set statement is null. Context will not be modified. vm/vue/index.vue.vm[line 104, column 1]
2021-06-07 14:31:08,970 - Left side ($parentheseIndex) of '!=' operation has null value. If it is a reference, it may not be in the context or its toString() returned null. vm/vue/index.vue.vm[line 105, column 24]
2021-06-07 14:31:08,970 - RHS of #set statement is null. Context will not be modified. vm/vue/index.vue.vm[line 106, column 1]
2021-06-07 14:31:08,970 - RHS of #set statement is null. Context will not be modified. vm/vue/index.vue.vm[line 104, column 1]
2021-06-07 14:31:08,970 - Left side ($parentheseIndex) of '!=' operation has null value. If it is a reference, it may not be in the context or its toString() returned null. vm/vue/index.vue.vm[line 105, column 24]
2021-06-07 14:31:08,970 - RHS of #set statement is null. Context will not be modified. vm/vue/index.vue.vm[line 106, column 1]
2021-06-07 14:31:08,970 - RHS of #set statement is null. Context will not be modified. vm/vue/index.vue.vm[line 104, column 1]
2021-06-07 14:31:08,970 - Left side ($parentheseIndex) of '!=' operation has null value. If it is a reference, it may not be in the context or its toString() returned null. vm/vue/index.vue.vm[line 105, column 24]
2021-06-07 14:31:08,970 - RHS of #set statement is null. Context will not be modified. vm/vue/index.vue.vm[line 106, column 1]
2021-06-07 14:31:08,970 - RHS of #set statement is null. Context will not be modified. vm/vue/index.vue.vm[line 104, column 1]
2021-06-07 14:31:08,970 - Left side ($parentheseIndex) of '!=' operation has null value. If it is a reference, it may not be in the context or its toString() returned null. vm/vue/index.vue.vm[line 105, column 24]
2021-06-07 14:31:08,970 - RHS of #set statement is null. Context will not be modified. vm/vue/index.vue.vm[line 106, column 1]
2021-06-07 14:31:08,970 - RHS of #set statement is null. Context will not be modified. vm/vue/index.vue.vm[line 104, column 1]
2021-06-07 14:31:08,970 - Left side ($parentheseIndex) of '!=' operation has null value. If it is a reference, it may not be in the context or its toString() returned null. vm/vue/index.vue.vm[line 105, column 24]
2021-06-07 14:31:08,970 - RHS of #set statement is null. Context will not be modified. vm/vue/index.vue.vm[line 106, column 1]
2021-06-07 14:31:08,970 - RHS of #set statement is null. Context will not be modified. vm/vue/index.vue.vm[line 104, column 1]
2021-06-07 14:31:08,970 - Left side ($parentheseIndex) of '!=' operation has null value. If it is a reference, it may not be in the context or its toString() returned null. vm/vue/index.vue.vm[line 105, column 24]
2021-06-07 14:31:08,971 - RHS of #set statement is null. Context will not be modified. vm/vue/index.vue.vm[line 106, column 1]
2021-06-07 14:31:08,971 - RHS of #set statement is null. Context will not be modified. vm/vue/index.vue.vm[line 104, column 1]
2021-06-07 14:31:08,971 - Left side ($parentheseIndex) of '!=' operation has null value. If it is a reference, it may not be in the context or its toString() returned null. vm/vue/index.vue.vm[line 105, column 24]
2021-06-07 14:31:08,971 - RHS of #set statement is null. Context will not be modified. vm/vue/index.vue.vm[line 106, column 1]
2021-06-07 14:31:08,971 - RHS of #set statement is null. Context will not be modified. vm/vue/index.vue.vm[line 104, column 1]
2021-06-07 14:31:08,971 - Left side ($parentheseIndex) of '!=' operation has null value. If it is a reference, it may not be in the context or its toString() returned null. vm/vue/index.vue.vm[line 105, column 24]
2021-06-07 14:31:08,971 - RHS of #set statement is null. Context will not be modified. vm/vue/index.vue.vm[line 106, column 1]
2021-06-07 14:31:08,971 - RHS of #set statement is null. Context will not be modified. vm/vue/index.vue.vm[line 104, column 1]
2021-06-07 14:31:08,971 - Left side ($parentheseIndex) of '!=' operation has null value. If it is a reference, it may not be in the context or its toString() returned null. vm/vue/index.vue.vm[line 105, column 24]
2021-06-07 14:31:08,971 - RHS of #set statement is null. Context will not be modified. vm/vue/index.vue.vm[line 106, column 1]
2021-06-07 14:31:08,971 - RHS of #set statement is null. Context will not be modified. vm/vue/index.vue.vm[line 104, column 1]
2021-06-07 14:31:08,971 - Left side ($parentheseIndex) of '!=' operation has null value. If it is a reference, it may not be in the context or its toString() returned null. vm/vue/index.vue.vm[line 105, column 24]
2021-06-07 14:31:08,971 - RHS of #set statement is null. Context will not be modified. vm/vue/index.vue.vm[line 106, column 1]
2021-06-07 14:31:08,971 - RHS of #set statement is null. Context will not be modified. vm/vue/index.vue.vm[line 104, column 1]
2021-06-07 14:31:08,971 - Left side ($parentheseIndex) of '!=' operation has null value. If it is a reference, it may not be in the context or its toString() returned null. vm/vue/index.vue.vm[line 105, column 24]
2021-06-07 14:31:08,971 - RHS of #set statement is null. Context will not be modified. vm/vue/index.vue.vm[line 106, column 1]
2021-06-07 14:31:08,971 - RHS of #set statement is null. Context will not be modified. vm/vue/index.vue.vm[line 104, column 1]
2021-06-07 14:31:08,971 - Left side ($parentheseIndex) of '!=' operation has null value. If it is a reference, it may not be in the context or its toString() returned null. vm/vue/index.vue.vm[line 105, column 24]
2021-06-07 14:31:08,971 - RHS of #set statement is null. Context will not be modified. vm/vue/index.vue.vm[line 106, column 1]
2021-06-07 14:31:08,971 - RHS of #set statement is null. Context will not be modified. vm/vue/index.vue.vm[line 104, column 1]
2021-06-07 14:31:08,971 - Left side ($parentheseIndex) of '!=' operation has null value. If it is a reference, it may not be in the context or its toString() returned null. vm/vue/index.vue.vm[line 105, column 24]
2021-06-07 14:31:08,971 - RHS of #set statement is null. Context will not be modified. vm/vue/index.vue.vm[line 106, column 1]
2021-06-07 14:31:08,971 - RHS of #set statement is null. Context will not be modified. vm/vue/index.vue.vm[line 104, column 1]
2021-06-07 14:31:08,971 - Left side ($parentheseIndex) of '!=' operation has null value. If it is a reference, it may not be in the context or its toString() returned null. vm/vue/index.vue.vm[line 105, column 24]
2021-06-07 14:31:08,971 - RHS of #set statement is null. Context will not be modified. vm/vue/index.vue.vm[line 106, column 1]
2021-06-07 14:31:08,971 - RHS of #set statement is null. Context will not be modified. vm/vue/index.vue.vm[line 104, column 1]
2021-06-07 14:31:08,971 - Left side ($parentheseIndex) of '!=' operation has null value. If it is a reference, it may not be in the context or its toString() returned null. vm/vue/index.vue.vm[line 105, column 24]
2021-06-07 14:31:08,971 - RHS of #set statement is null. Context will not be modified. vm/vue/index.vue.vm[line 106, column 1]
2021-06-07 14:31:08,971 - RHS of #set statement is null. Context will not be modified. vm/vue/index.vue.vm[line 104, column 1]
2021-06-07 14:31:08,971 - Left side ($parentheseIndex) of '!=' operation has null value. If it is a reference, it may not be in the context or its toString() returned null. vm/vue/index.vue.vm[line 105, column 24]
2021-06-07 14:31:08,971 - RHS of #set statement is null. Context will not be modified. vm/vue/index.vue.vm[line 106, column 1]
2021-06-07 14:31:08,971 - RHS of #set statement is null. Context will not be modified. vm/vue/index.vue.vm[line 104, column 1]
2021-06-07 14:31:08,971 - Left side ($parentheseIndex) of '!=' operation has null value. If it is a reference, it may not be in the context or its toString() returned null. vm/vue/index.vue.vm[line 105, column 24]
2021-06-07 14:31:08,971 - RHS of #set statement is null. Context will not be modified. vm/vue/index.vue.vm[line 106, column 1]
2021-06-07 14:31:08,971 - RHS of #set statement is null. Context will not be modified. vm/vue/index.vue.vm[line 104, column 1]
2021-06-07 14:31:08,971 - Left side ($parentheseIndex) of '!=' operation has null value. If it is a reference, it may not be in the context or its toString() returned null. vm/vue/index.vue.vm[line 105, column 24]
2021-06-07 14:31:08,971 - RHS of #set statement is null. Context will not be modified. vm/vue/index.vue.vm[line 106, column 1]
2021-06-07 14:31:08,971 - RHS of #set statement is null. Context will not be modified. vm/vue/index.vue.vm[line 104, column 1]
2021-06-07 14:31:08,971 - Left side ($parentheseIndex) of '!=' operation has null value. If it is a reference, it may not be in the context or its toString() returned null. vm/vue/index.vue.vm[line 105, column 24]
2021-06-07 14:31:08,971 - RHS of #set statement is null. Context will not be modified. vm/vue/index.vue.vm[line 106, column 1]
2021-06-07 14:31:08,971 - Null reference [template 'vm/vue/index.vue.vm', line 121, column 31] : ${comment} cannot be resolved.
2021-06-07 14:31:08,972 - RHS of #set statement is null. Context will not be modified. vm/vue/index.vue.vm[line 104, column 1]
2021-06-07 14:31:08,972 - Left side ($parentheseIndex) of '!=' operation has null value. If it is a reference, it may not be in the context or its toString() returned null. vm/vue/index.vue.vm[line 105, column 24]
2021-06-07 14:31:08,972 - RHS of #set statement is null. Context will not be modified. vm/vue/index.vue.vm[line 106, column 1]
2021-06-07 14:31:08,972 - RHS of #set statement is null. Context will not be modified. vm/vue/index.vue.vm[line 104, column 1]
2021-06-07 14:31:08,972 - Left side ($parentheseIndex) of '!=' operation has null value. If it is a reference, it may not be in the context or its toString() returned null. vm/vue/index.vue.vm[line 105, column 24]
2021-06-07 14:31:08,972 - RHS of #set statement is null. Context will not be modified. vm/vue/index.vue.vm[line 106, column 1]
2021-06-07 14:31:08,972 - Null reference [template 'vm/vue/index.vue.vm', line 121, column 31] : ${comment} cannot be resolved.
2021-06-07 14:31:08,972 - RHS of #set statement is null. Context will not be modified. vm/vue/index.vue.vm[line 104, column 1]
2021-06-07 14:31:08,972 - Left side ($parentheseIndex) of '!=' operation has null value. If it is a reference, it may not be in the context or its toString() returned null. vm/vue/index.vue.vm[line 105, column 24]
2021-06-07 14:31:08,972 - RHS of #set statement is null. Context will not be modified. vm/vue/index.vue.vm[line 106, column 1]
2021-06-07 14:31:08,972 - RHS of #set statement is null. Context will not be modified. vm/vue/index.vue.vm[line 104, column 1]
2021-06-07 14:31:08,972 - Left side ($parentheseIndex) of '!=' operation has null value. If it is a reference, it may not be in the context or its toString() returned null. vm/vue/index.vue.vm[line 105, column 24]
2021-06-07 14:31:08,972 - RHS of #set statement is null. Context will not be modified. vm/vue/index.vue.vm[line 106, column 1]
2021-06-07 14:31:08,972 - RHS of #set statement is null. Context will not be modified. vm/vue/index.vue.vm[line 104, column 1]
2021-06-07 14:31:08,972 - Left side ($parentheseIndex) of '!=' operation has null value. If it is a reference, it may not be in the context or its toString() returned null. vm/vue/index.vue.vm[line 105, column 24]
2021-06-07 14:31:08,972 - RHS of #set statement is null. Context will not be modified. vm/vue/index.vue.vm[line 106, column 1]
2021-06-07 14:31:08,972 - RHS of #set statement is null. Context will not be modified. vm/vue/index.vue.vm[line 104, column 1]
2021-06-07 14:31:08,972 - Left side ($parentheseIndex) of '!=' operation has null value. If it is a reference, it may not be in the context or its toString() returned null. vm/vue/index.vue.vm[line 105, column 24]
2021-06-07 14:31:08,972 - RHS of #set statement is null. Context will not be modified. vm/vue/index.vue.vm[line 106, column 1]
2021-06-07 14:31:08,972 - RHS of #set statement is null. Context will not be modified. vm/vue/index.vue.vm[line 104, column 1]
2021-06-07 14:31:08,972 - Left side ($parentheseIndex) of '!=' operation has null value. If it is a reference, it may not be in the context or its toString() returned null. vm/vue/index.vue.vm[line 105, column 24]
2021-06-07 14:31:08,972 - RHS of #set statement is null. Context will not be modified. vm/vue/index.vue.vm[line 106, column 1]
2021-06-07 14:31:08,972 - RHS of #set statement is null. Context will not be modified. vm/vue/index.vue.vm[line 104, column 1]
2021-06-07 14:31:08,972 - Left side ($parentheseIndex) of '!=' operation has null value. If it is a reference, it may not be in the context or its toString() returned null. vm/vue/index.vue.vm[line 105, column 24]
2021-06-07 14:31:08,972 - RHS of #set statement is null. Context will not be modified. vm/vue/index.vue.vm[line 106, column 1]
2021-06-07 14:31:08,972 - RHS of #set statement is null. Context will not be modified. vm/vue/index.vue.vm[line 104, column 1]
2021-06-07 14:31:08,972 - Left side ($parentheseIndex) of '!=' operation has null value. If it is a reference, it may not be in the context or its toString() returned null. vm/vue/index.vue.vm[line 105, column 24]
2021-06-07 14:31:08,972 - RHS of #set statement is null. Context will not be modified. vm/vue/index.vue.vm[line 106, column 1]
2021-06-07 14:31:08,972 - RHS of #set statement is null. Context will not be modified. vm/vue/index.vue.vm[line 104, column 1]
2021-06-07 14:31:08,972 - Left side ($parentheseIndex) of '!=' operation has null value. If it is a reference, it may not be in the context or its toString() returned null. vm/vue/index.vue.vm[line 105, column 24]
2021-06-07 14:31:08,972 - RHS of #set statement is null. Context will not be modified. vm/vue/index.vue.vm[line 106, column 1]
2021-06-07 14:31:08,972 - RHS of #set statement is null. Context will not be modified. vm/vue/index.vue.vm[line 104, column 1]
2021-06-07 14:31:08,972 - Left side ($parentheseIndex) of '!=' operation has null value. If it is a reference, it may not be in the context or its toString() returned null. vm/vue/index.vue.vm[line 105, column 24]
2021-06-07 14:31:08,972 - RHS of #set statement is null. Context will not be modified. vm/vue/index.vue.vm[line 106, column 1]
2021-06-07 14:31:08,972 - RHS of #set statement is null. Context will not be modified. vm/vue/index.vue.vm[line 104, column 1]
2021-06-07 14:31:08,972 - Left side ($parentheseIndex) of '!=' operation has null value. If it is a reference, it may not be in the context or its toString() returned null. vm/vue/index.vue.vm[line 105, column 24]
2021-06-07 14:31:08,972 - RHS of #set statement is null. Context will not be modified. vm/vue/index.vue.vm[line 106, column 1]
2021-06-07 14:31:08,972 - RHS of #set statement is null. Context will not be modified. vm/vue/index.vue.vm[line 104, column 1]
2021-06-07 14:31:08,972 - Left side ($parentheseIndex) of '!=' operation has null value. If it is a reference, it may not be in the context or its toString() returned null. vm/vue/index.vue.vm[line 105, column 24]
2021-06-07 14:31:08,972 - RHS of #set statement is null. Context will not be modified. vm/vue/index.vue.vm[line 106, column 1]
2021-06-07 14:31:08,972 - RHS of #set statement is null. Context will not be modified. vm/vue/index.vue.vm[line 104, column 1]
2021-06-07 14:31:08,972 - Left side ($parentheseIndex) of '!=' operation has null value. If it is a reference, it may not be in the context or its toString() returned null. vm/vue/index.vue.vm[line 105, column 24]
2021-06-07 14:31:08,972 - RHS of #set statement is null. Context will not be modified. vm/vue/index.vue.vm[line 106, column 1]
2021-06-07 14:31:08,973 - RHS of #set statement is null. Context will not be modified. vm/vue/index.vue.vm[line 159, column 1]
2021-06-07 14:31:08,973 - Left side ($parentheseIndex) of '!=' operation has null value. If it is a reference, it may not be in the context or its toString() returned null. vm/vue/index.vue.vm[line 160, column 24]
2021-06-07 14:31:08,973 - RHS of #set statement is null. Context will not be modified. vm/vue/index.vue.vm[line 161, column 1]
2021-06-07 14:31:08,973 - Null reference [template 'vm/vue/index.vue.vm', line 167, column 30] : ${comment} cannot be resolved.
2021-06-07 14:31:08,973 - Null reference [template 'vm/vue/index.vue.vm', line 168, column 61] : ${comment} cannot be resolved.
2021-06-07 14:31:08,973 - RHS of #set statement is null. Context will not be modified. vm/vue/index.vue.vm[line 159, column 1]
2021-06-07 14:31:08,973 - Left side ($parentheseIndex) of '!=' operation has null value. If it is a reference, it may not be in the context or its toString() returned null. vm/vue/index.vue.vm[line 160, column 24]
2021-06-07 14:31:08,973 - RHS of #set statement is null. Context will not be modified. vm/vue/index.vue.vm[line 161, column 1]
2021-06-07 14:31:08,973 - Null reference [template 'vm/vue/index.vue.vm', line 167, column 30] : ${comment} cannot be resolved.
2021-06-07 14:31:08,973 - Null reference [template 'vm/vue/index.vue.vm', line 168, column 61] : ${comment} cannot be resolved.
2021-06-07 14:31:08,973 - RHS of #set statement is null. Context will not be modified. vm/vue/index.vue.vm[line 159, column 1]
2021-06-07 14:31:08,973 - Left side ($parentheseIndex) of '!=' operation has null value. If it is a reference, it may not be in the context or its toString() returned null. vm/vue/index.vue.vm[line 160, column 24]
2021-06-07 14:31:08,973 - RHS of #set statement is null. Context will not be modified. vm/vue/index.vue.vm[line 161, column 1]
2021-06-07 14:31:08,973 - Null reference [template 'vm/vue/index.vue.vm', line 167, column 30] : ${comment} cannot be resolved.
2021-06-07 14:31:08,973 - Null reference [template 'vm/vue/index.vue.vm', line 168, column 61] : ${comment} cannot be resolved.
2021-06-07 14:31:08,973 - RHS of #set statement is null. Context will not be modified. vm/vue/index.vue.vm[line 159, column 1]
2021-06-07 14:31:08,973 - Left side ($parentheseIndex) of '!=' operation has null value. If it is a reference, it may not be in the context or its toString() returned null. vm/vue/index.vue.vm[line 160, column 24]
2021-06-07 14:31:08,973 - RHS of #set statement is null. Context will not be modified. vm/vue/index.vue.vm[line 161, column 1]
2021-06-07 14:31:08,973 - Null reference [template 'vm/vue/index.vue.vm', line 167, column 30] : ${comment} cannot be resolved.
2021-06-07 14:31:08,973 - Null reference [template 'vm/vue/index.vue.vm', line 168, column 61] : ${comment} cannot be resolved.
2021-06-07 14:31:08,973 - RHS of #set statement is null. Context will not be modified. vm/vue/index.vue.vm[line 159, column 1]
2021-06-07 14:31:08,973 - Left side ($parentheseIndex) of '!=' operation has null value. If it is a reference, it may not be in the context or its toString() returned null. vm/vue/index.vue.vm[line 160, column 24]
2021-06-07 14:31:08,973 - RHS of #set statement is null. Context will not be modified. vm/vue/index.vue.vm[line 161, column 1]
2021-06-07 14:31:08,973 - Null reference [template 'vm/vue/index.vue.vm', line 198, column 30] : ${comment} cannot be resolved.
2021-06-07 14:31:08,973 - RHS of #set statement is null. Context will not be modified. vm/vue/index.vue.vm[line 159, column 1]
2021-06-07 14:31:08,973 - Left side ($parentheseIndex) of '!=' operation has null value. If it is a reference, it may not be in the context or its toString() returned null. vm/vue/index.vue.vm[line 160, column 24]
2021-06-07 14:31:08,973 - RHS of #set statement is null. Context will not be modified. vm/vue/index.vue.vm[line 161, column 1]
2021-06-07 14:31:08,973 - Null reference [template 'vm/vue/index.vue.vm', line 182, column 30] : ${comment} cannot be resolved.
2021-06-07 14:31:08,973 - Null reference [template 'vm/vue/index.vue.vm', line 183, column 62] : ${comment} cannot be resolved.
2021-06-07 14:31:08,973 - RHS of #set statement is null. Context will not be modified. vm/vue/index.vue.vm[line 159, column 1]
2021-06-07 14:31:08,973 - Left side ($parentheseIndex) of '!=' operation has null value. If it is a reference, it may not be in the context or its toString() returned null. vm/vue/index.vue.vm[line 160, column 24]
2021-06-07 14:31:08,973 - RHS of #set statement is null. Context will not be modified. vm/vue/index.vue.vm[line 161, column 1]
2021-06-07 14:31:08,973 - Null reference [template 'vm/vue/index.vue.vm', line 182, column 30] : ${comment} cannot be resolved.
2021-06-07 14:31:08,973 - Null reference [template 'vm/vue/index.vue.vm', line 183, column 62] : ${comment} cannot be resolved.
2021-06-07 14:31:08,973 - RHS of #set statement is null. Context will not be modified. vm/vue/index.vue.vm[line 159, column 1]
2021-06-07 14:31:08,973 - Left side ($parentheseIndex) of '!=' operation has null value. If it is a reference, it may not be in the context or its toString() returned null. vm/vue/index.vue.vm[line 160, column 24]
2021-06-07 14:31:08,973 - RHS of #set statement is null. Context will not be modified. vm/vue/index.vue.vm[line 161, column 1]
2021-06-07 14:31:08,973 - Null reference [template 'vm/vue/index.vue.vm', line 167, column 30] : ${comment} cannot be resolved.
2021-06-07 14:31:08,973 - Null reference [template 'vm/vue/index.vue.vm', line 168, column 61] : ${comment} cannot be resolved.
2021-06-07 14:31:08,974 - RHS of #set statement is null. Context will not be modified. vm/vue/index.vue.vm[line 159, column 1]
2021-06-07 14:31:08,974 - Left side ($parentheseIndex) of '!=' operation has null value. If it is a reference, it may not be in the context or its toString() returned null. vm/vue/index.vue.vm[line 160, column 24]
2021-06-07 14:31:08,974 - RHS of #set statement is null. Context will not be modified. vm/vue/index.vue.vm[line 161, column 1]
2021-06-07 14:31:08,974 - Null reference [template 'vm/vue/index.vue.vm', line 167, column 30] : ${comment} cannot be resolved.
2021-06-07 14:31:08,974 - Null reference [template 'vm/vue/index.vue.vm', line 168, column 61] : ${comment} cannot be resolved.
2021-06-07 14:31:08,974 - RHS of #set statement is null. Context will not be modified. vm/vue/index.vue.vm[line 159, column 1]
2021-06-07 14:31:08,974 - Left side ($parentheseIndex) of '!=' operation has null value. If it is a reference, it may not be in the context or its toString() returned null. vm/vue/index.vue.vm[line 160, column 24]
2021-06-07 14:31:08,974 - RHS of #set statement is null. Context will not be modified. vm/vue/index.vue.vm[line 161, column 1]
2021-06-07 14:31:08,974 - Null reference [template 'vm/vue/index.vue.vm', line 167, column 30] : ${comment} cannot be resolved.
2021-06-07 14:31:08,974 - Null reference [template 'vm/vue/index.vue.vm', line 168, column 61] : ${comment} cannot be resolved.
2021-06-07 14:31:08,974 - RHS of #set statement is null. Context will not be modified. vm/vue/index.vue.vm[line 159, column 1]
2021-06-07 14:31:08,974 - Left side ($parentheseIndex) of '!=' operation has null value. If it is a reference, it may not be in the context or its toString() returned null. vm/vue/index.vue.vm[line 160, column 24]
2021-06-07 14:31:08,974 - RHS of #set statement is null. Context will not be modified. vm/vue/index.vue.vm[line 161, column 1]
2021-06-07 14:31:08,974 - Null reference [template 'vm/vue/index.vue.vm', line 167, column 30] : ${comment} cannot be resolved.
2021-06-07 14:31:08,974 - Null reference [template 'vm/vue/index.vue.vm', line 168, column 61] : ${comment} cannot be resolved.
2021-06-07 14:31:08,974 - RHS of #set statement is null. Context will not be modified. vm/vue/index.vue.vm[line 159, column 1]
2021-06-07 14:31:08,974 - Left side ($parentheseIndex) of '!=' operation has null value. If it is a reference, it may not be in the context or its toString() returned null. vm/vue/index.vue.vm[line 160, column 24]
2021-06-07 14:31:08,974 - RHS of #set statement is null. Context will not be modified. vm/vue/index.vue.vm[line 161, column 1]
2021-06-07 14:31:08,974 - Null reference [template 'vm/vue/index.vue.vm', line 182, column 30] : ${comment} cannot be resolved.
2021-06-07 14:31:08,974 - Null reference [template 'vm/vue/index.vue.vm', line 183, column 62] : ${comment} cannot be resolved.
2021-06-07 14:31:08,974 - RHS of #set statement is null. Context will not be modified. vm/vue/index.vue.vm[line 159, column 1]
2021-06-07 14:31:08,974 - Left side ($parentheseIndex) of '!=' operation has null value. If it is a reference, it may not be in the context or its toString() returned null. vm/vue/index.vue.vm[line 160, column 24]
2021-06-07 14:31:08,974 - RHS of #set statement is null. Context will not be modified. vm/vue/index.vue.vm[line 161, column 1]
2021-06-07 14:31:08,974 - Null reference [template 'vm/vue/index.vue.vm', line 198, column 30] : ${comment} cannot be resolved.
2021-06-07 14:31:08,974 - RHS of #set statement is null. Context will not be modified. vm/vue/index.vue.vm[line 159, column 1]
2021-06-07 14:31:08,974 - Left side ($parentheseIndex) of '!=' operation has null value. If it is a reference, it may not be in the context or its toString() returned null. vm/vue/index.vue.vm[line 160, column 24]
2021-06-07 14:31:08,974 - RHS of #set statement is null. Context will not be modified. vm/vue/index.vue.vm[line 161, column 1]
2021-06-07 14:31:08,974 - Null reference [template 'vm/vue/index.vue.vm', line 167, column 30] : ${comment} cannot be resolved.
2021-06-07 14:31:08,974 - Null reference [template 'vm/vue/index.vue.vm', line 168, column 61] : ${comment} cannot be resolved.
2021-06-07 14:31:08,974 - RHS of #set statement is null. Context will not be modified. vm/vue/index.vue.vm[line 159, column 1]
2021-06-07 14:31:08,974 - Left side ($parentheseIndex) of '!=' operation has null value. If it is a reference, it may not be in the context or its toString() returned null. vm/vue/index.vue.vm[line 160, column 24]
2021-06-07 14:31:08,974 - RHS of #set statement is null. Context will not be modified. vm/vue/index.vue.vm[line 161, column 1]
2021-06-07 14:31:08,974 - Null reference [template 'vm/vue/index.vue.vm', line 167, column 30] : ${comment} cannot be resolved.
2021-06-07 14:31:08,974 - Null reference [template 'vm/vue/index.vue.vm', line 168, column 61] : ${comment} cannot be resolved.
2021-06-07 14:31:08,974 - RHS of #set statement is null. Context will not be modified. vm/vue/index.vue.vm[line 159, column 1]
2021-06-07 14:31:08,974 - Left side ($parentheseIndex) of '!=' operation has null value. If it is a reference, it may not be in the context or its toString() returned null. vm/vue/index.vue.vm[line 160, column 24]
2021-06-07 14:31:08,974 - RHS of #set statement is null. Context will not be modified. vm/vue/index.vue.vm[line 161, column 1]
2021-06-07 14:31:08,974 - Null reference [template 'vm/vue/index.vue.vm', line 167, column 30] : ${comment} cannot be resolved.
2021-06-07 14:31:08,974 - Null reference [template 'vm/vue/index.vue.vm', line 168, column 61] : ${comment} cannot be resolved.
2021-06-07 14:31:08,974 - RHS of #set statement is null. Context will not be modified. vm/vue/index.vue.vm[line 159, column 1]
2021-06-07 14:31:08,974 - Left side ($parentheseIndex) of '!=' operation has null value. If it is a reference, it may not be in the context or its toString() returned null. vm/vue/index.vue.vm[line 160, column 24]
2021-06-07 14:31:08,974 - RHS of #set statement is null. Context will not be modified. vm/vue/index.vue.vm[line 161, column 1]
2021-06-07 14:31:08,974 - Null reference [template 'vm/vue/index.vue.vm', line 167, column 30] : ${comment} cannot be resolved.
2021-06-07 14:31:08,974 - Null reference [template 'vm/vue/index.vue.vm', line 168, column 61] : ${comment} cannot be resolved.
2021-06-07 14:31:08,974 - RHS of #set statement is null. Context will not be modified. vm/vue/index.vue.vm[line 159, column 1]
2021-06-07 14:31:08,974 - Left side ($parentheseIndex) of '!=' operation has null value. If it is a reference, it may not be in the context or its toString() returned null. vm/vue/index.vue.vm[line 160, column 24]
2021-06-07 14:31:08,975 - RHS of #set statement is null. Context will not be modified. vm/vue/index.vue.vm[line 161, column 1]
2021-06-07 14:31:08,975 - Null reference [template 'vm/vue/index.vue.vm', line 167, column 30] : ${comment} cannot be resolved.
2021-06-07 14:31:08,975 - Null reference [template 'vm/vue/index.vue.vm', line 168, column 61] : ${comment} cannot be resolved.
2021-06-07 14:31:08,975 - RHS of #set statement is null. Context will not be modified. vm/vue/index.vue.vm[line 159, column 1]
2021-06-07 14:31:08,975 - Left side ($parentheseIndex) of '!=' operation has null value. If it is a reference, it may not be in the context or its toString() returned null. vm/vue/index.vue.vm[line 160, column 24]
2021-06-07 14:31:08,975 - RHS of #set statement is null. Context will not be modified. vm/vue/index.vue.vm[line 161, column 1]
2021-06-07 14:31:08,975 - Null reference [template 'vm/vue/index.vue.vm', line 167, column 30] : ${comment} cannot be resolved.
2021-06-07 14:31:08,975 - Null reference [template 'vm/vue/index.vue.vm', line 168, column 61] : ${comment} cannot be resolved.
2021-06-07 14:31:08,975 - RHS of #set statement is null. Context will not be modified. vm/vue/index.vue.vm[line 159, column 1]
2021-06-07 14:31:08,975 - Left side ($parentheseIndex) of '!=' operation has null value. If it is a reference, it may not be in the context or its toString() returned null. vm/vue/index.vue.vm[line 160, column 24]
2021-06-07 14:31:08,975 - RHS of #set statement is null. Context will not be modified. vm/vue/index.vue.vm[line 161, column 1]
2021-06-07 14:31:08,975 - Null reference [template 'vm/vue/index.vue.vm', line 167, column 30] : ${comment} cannot be resolved.
2021-06-07 14:31:08,975 - Null reference [template 'vm/vue/index.vue.vm', line 168, column 61] : ${comment} cannot be resolved.
2021-06-07 14:31:08,975 - RHS of #set statement is null. Context will not be modified. vm/vue/index.vue.vm[line 159, column 1]
2021-06-07 14:31:08,975 - Left side ($parentheseIndex) of '!=' operation has null value. If it is a reference, it may not be in the context or its toString() returned null. vm/vue/index.vue.vm[line 160, column 24]
2021-06-07 14:31:08,975 - RHS of #set statement is null. Context will not be modified. vm/vue/index.vue.vm[line 161, column 1]
2021-06-07 14:31:08,975 - Null reference [template 'vm/vue/index.vue.vm', line 167, column 30] : ${comment} cannot be resolved.
2021-06-07 14:31:08,975 - Null reference [template 'vm/vue/index.vue.vm', line 168, column 61] : ${comment} cannot be resolved.
2021-06-07 14:31:08,975 - RHS of #set statement is null. Context will not be modified. vm/vue/index.vue.vm[line 159, column 1]
2021-06-07 14:31:08,975 - Left side ($parentheseIndex) of '!=' operation has null value. If it is a reference, it may not be in the context or its toString() returned null. vm/vue/index.vue.vm[line 160, column 24]
2021-06-07 14:31:08,975 - RHS of #set statement is null. Context will not be modified. vm/vue/index.vue.vm[line 161, column 1]
2021-06-07 14:31:08,975 - Null reference [template 'vm/vue/index.vue.vm', line 167, column 30] : ${comment} cannot be resolved.
2021-06-07 14:31:08,975 - Null reference [template 'vm/vue/index.vue.vm', line 168, column 61] : ${comment} cannot be resolved.
2021-06-07 14:31:08,975 - RHS of #set statement is null. Context will not be modified. vm/vue/index.vue.vm[line 159, column 1]
2021-06-07 14:31:08,975 - Left side ($parentheseIndex) of '!=' operation has null value. If it is a reference, it may not be in the context or its toString() returned null. vm/vue/index.vue.vm[line 160, column 24]
2021-06-07 14:31:08,975 - RHS of #set statement is null. Context will not be modified. vm/vue/index.vue.vm[line 161, column 1]
2021-06-07 14:31:08,975 - Null reference [template 'vm/vue/index.vue.vm', line 204, column 30] : ${comment} cannot be resolved.
2021-06-07 14:31:08,975 - Null reference [template 'vm/vue/index.vue.vm', line 209, column 28] : ${comment} cannot be resolved.
2021-06-07 14:31:08,975 - RHS of #set statement is null. Context will not be modified. vm/vue/index.vue.vm[line 159, column 1]
2021-06-07 14:31:08,975 - Left side ($parentheseIndex) of '!=' operation has null value. If it is a reference, it may not be in the context or its toString() returned null. vm/vue/index.vue.vm[line 160, column 24]
2021-06-07 14:31:08,975 - RHS of #set statement is null. Context will not be modified. vm/vue/index.vue.vm[line 161, column 1]
2021-06-07 14:31:08,975 - Null reference [template 'vm/vue/index.vue.vm', line 167, column 30] : ${comment} cannot be resolved.
2021-06-07 14:31:08,975 - Null reference [template 'vm/vue/index.vue.vm', line 168, column 61] : ${comment} cannot be resolved.
2021-06-07 14:31:08,975 - RHS of #set statement is null. Context will not be modified. vm/vue/index.vue.vm[line 159, column 1]
2021-06-07 14:31:08,975 - Left side ($parentheseIndex) of '!=' operation has null value. If it is a reference, it may not be in the context or its toString() returned null. vm/vue/index.vue.vm[line 160, column 24]
2021-06-07 14:31:08,975 - RHS of #set statement is null. Context will not be modified. vm/vue/index.vue.vm[line 161, column 1]
2021-06-07 14:31:08,975 - Null reference [template 'vm/vue/index.vue.vm', line 167, column 30] : ${comment} cannot be resolved.
2021-06-07 14:31:08,975 - Null reference [template 'vm/vue/index.vue.vm', line 168, column 61] : ${comment} cannot be resolved.
2021-06-07 14:31:08,975 - RHS of #set statement is null. Context will not be modified. vm/vue/index.vue.vm[line 159, column 1]
2021-06-07 14:31:08,975 - Left side ($parentheseIndex) of '!=' operation has null value. If it is a reference, it may not be in the context or its toString() returned null. vm/vue/index.vue.vm[line 160, column 24]
2021-06-07 14:31:08,975 - RHS of #set statement is null. Context will not be modified. vm/vue/index.vue.vm[line 161, column 1]
2021-06-07 14:31:08,975 - Null reference [template 'vm/vue/index.vue.vm', line 167, column 30] : ${comment} cannot be resolved.
2021-06-07 14:31:08,975 - Null reference [template 'vm/vue/index.vue.vm', line 168, column 61] : ${comment} cannot be resolved.
2021-06-07 14:31:08,975 - RHS of #set statement is null. Context will not be modified. vm/vue/index.vue.vm[line 159, column 1]
2021-06-07 14:31:08,975 - Left side ($parentheseIndex) of '!=' operation has null value. If it is a reference, it may not be in the context or its toString() returned null. vm/vue/index.vue.vm[line 160, column 24]
2021-06-07 14:31:08,976 - RHS of #set statement is null. Context will not be modified. vm/vue/index.vue.vm[line 161, column 1]
2021-06-07 14:31:08,976 - Null reference [template 'vm/vue/index.vue.vm', line 182, column 30] : ${comment} cannot be resolved.
2021-06-07 14:31:08,976 - Null reference [template 'vm/vue/index.vue.vm', line 183, column 62] : ${comment} cannot be resolved.
2021-06-07 14:31:08,976 - RHS of #set statement is null. Context will not be modified. vm/vue/index.vue.vm[line 159, column 1]
2021-06-07 14:31:08,976 - Left side ($parentheseIndex) of '!=' operation has null value. If it is a reference, it may not be in the context or its toString() returned null. vm/vue/index.vue.vm[line 160, column 24]
2021-06-07 14:31:08,976 - RHS of #set statement is null. Context will not be modified. vm/vue/index.vue.vm[line 161, column 1]
2021-06-07 14:31:08,976 - Null reference [template 'vm/vue/index.vue.vm', line 167, column 30] : ${comment} cannot be resolved.
2021-06-07 14:31:08,976 - Null reference [template 'vm/vue/index.vue.vm', line 168, column 61] : ${comment} cannot be resolved.
2021-06-07 14:31:08,976 - RHS of #set statement is null. Context will not be modified. vm/vue/index.vue.vm[line 159, column 1]
2021-06-07 14:31:08,976 - Left side ($parentheseIndex) of '!=' operation has null value. If it is a reference, it may not be in the context or its toString() returned null. vm/vue/index.vue.vm[line 160, column 24]
2021-06-07 14:31:08,976 - RHS of #set statement is null. Context will not be modified. vm/vue/index.vue.vm[line 161, column 1]
2021-06-07 14:31:08,976 - Null reference [template 'vm/vue/index.vue.vm', line 167, column 30] : ${comment} cannot be resolved.
2021-06-07 14:31:08,976 - Null reference [template 'vm/vue/index.vue.vm', line 168, column 61] : ${comment} cannot be resolved.
2021-06-07 14:31:08,976 - RHS of #set statement is null. Context will not be modified. vm/vue/index.vue.vm[line 159, column 1]
2021-06-07 14:31:08,976 - Left side ($parentheseIndex) of '!=' operation has null value. If it is a reference, it may not be in the context or its toString() returned null. vm/vue/index.vue.vm[line 160, column 24]
2021-06-07 14:31:08,976 - RHS of #set statement is null. Context will not be modified. vm/vue/index.vue.vm[line 161, column 1]
2021-06-07 14:31:08,976 - Null reference [template 'vm/vue/index.vue.vm', line 167, column 30] : ${comment} cannot be resolved.
2021-06-07 14:31:08,976 - Null reference [template 'vm/vue/index.vue.vm', line 168, column 61] : ${comment} cannot be resolved.
2021-06-07 14:31:08,976 - RHS of #set statement is null. Context will not be modified. vm/vue/index.vue.vm[line 159, column 1]
2021-06-07 14:31:08,976 - Left side ($parentheseIndex) of '!=' operation has null value. If it is a reference, it may not be in the context or its toString() returned null. vm/vue/index.vue.vm[line 160, column 24]
2021-06-07 14:31:08,976 - RHS of #set statement is null. Context will not be modified. vm/vue/index.vue.vm[line 161, column 1]
2021-06-07 14:31:08,976 - Null reference [template 'vm/vue/index.vue.vm', line 167, column 30] : ${comment} cannot be resolved.
2021-06-07 14:31:08,976 - Null reference [template 'vm/vue/index.vue.vm', line 168, column 61] : ${comment} cannot be resolved.
2021-06-07 14:31:08,976 - RHS of #set statement is null. Context will not be modified. vm/vue/index.vue.vm[line 159, column 1]
2021-06-07 14:31:08,976 - Left side ($parentheseIndex) of '!=' operation has null value. If it is a reference, it may not be in the context or its toString() returned null. vm/vue/index.vue.vm[line 160, column 24]
2021-06-07 14:31:08,976 - RHS of #set statement is null. Context will not be modified. vm/vue/index.vue.vm[line 161, column 1]
2021-06-07 14:31:08,976 - Null reference [template 'vm/vue/index.vue.vm', line 167, column 30] : ${comment} cannot be resolved.
2021-06-07 14:31:08,976 - Null reference [template 'vm/vue/index.vue.vm', line 168, column 61] : ${comment} cannot be resolved.
2021-06-07 14:31:08,976 - RHS of #set statement is null. Context will not be modified. vm/vue/index.vue.vm[line 159, column 1]
2021-06-07 14:31:08,976 - Left side ($parentheseIndex) of '!=' operation has null value. If it is a reference, it may not be in the context or its toString() returned null. vm/vue/index.vue.vm[line 160, column 24]
2021-06-07 14:31:08,976 - RHS of #set statement is null. Context will not be modified. vm/vue/index.vue.vm[line 161, column 1]
2021-06-07 14:31:08,976 - Null reference [template 'vm/vue/index.vue.vm', line 167, column 30] : ${comment} cannot be resolved.
2021-06-07 14:31:08,976 - Null reference [template 'vm/vue/index.vue.vm', line 168, column 61] : ${comment} cannot be resolved.
2021-06-07 14:31:08,976 - RHS of #set statement is null. Context will not be modified. vm/vue/index.vue.vm[line 159, column 1]
2021-06-07 14:31:08,976 - Left side ($parentheseIndex) of '!=' operation has null value. If it is a reference, it may not be in the context or its toString() returned null. vm/vue/index.vue.vm[line 160, column 24]
2021-06-07 14:31:08,976 - RHS of #set statement is null. Context will not be modified. vm/vue/index.vue.vm[line 161, column 1]
2021-06-07 14:31:08,976 - Null reference [template 'vm/vue/index.vue.vm', line 167, column 30] : ${comment} cannot be resolved.
2021-06-07 14:31:08,976 - Null reference [template 'vm/vue/index.vue.vm', line 168, column 61] : ${comment} cannot be resolved.
2021-06-07 14:31:08,976 - RHS of #set statement is null. Context will not be modified. vm/vue/index.vue.vm[line 159, column 1]
2021-06-07 14:31:08,976 - Left side ($parentheseIndex) of '!=' operation has null value. If it is a reference, it may not be in the context or its toString() returned null. vm/vue/index.vue.vm[line 160, column 24]
2021-06-07 14:31:08,976 - RHS of #set statement is null. Context will not be modified. vm/vue/index.vue.vm[line 161, column 1]
2021-06-07 14:31:08,976 - Null reference [template 'vm/vue/index.vue.vm', line 182, column 30] : ${comment} cannot be resolved.
2021-06-07 14:31:08,976 - Null reference [template 'vm/vue/index.vue.vm', line 183, column 62] : ${comment} cannot be resolved.
2021-06-07 14:31:08,976 - RHS of #set statement is null. Context will not be modified. vm/vue/index.vue.vm[line 159, column 1]
2021-06-07 14:31:08,976 - Left side ($parentheseIndex) of '!=' operation has null value. If it is a reference, it may not be in the context or its toString() returned null. vm/vue/index.vue.vm[line 160, column 24]
2021-06-07 14:31:08,976 - RHS of #set statement is null. Context will not be modified. vm/vue/index.vue.vm[line 161, column 1]
2021-06-07 14:31:08,976 - Null reference [template 'vm/vue/index.vue.vm', line 204, column 30] : ${comment} cannot be resolved.
2021-06-07 14:31:08,976 - Null reference [template 'vm/vue/index.vue.vm', line 209, column 28] : ${comment} cannot be resolved.
2021-06-07 14:31:08,977 - RHS of #set statement is null. Context will not be modified. vm/vue/index.vue.vm[line 159, column 1]
2021-06-07 14:31:08,977 - Left side ($parentheseIndex) of '!=' operation has null value. If it is a reference, it may not be in the context or its toString() returned null. vm/vue/index.vue.vm[line 160, column 24]
2021-06-07 14:31:08,977 - RHS of #set statement is null. Context will not be modified. vm/vue/index.vue.vm[line 161, column 1]
2021-06-07 14:31:08,977 - Null reference [template 'vm/vue/index.vue.vm', line 167, column 30] : ${comment} cannot be resolved.
2021-06-07 14:31:08,977 - Null reference [template 'vm/vue/index.vue.vm', line 168, column 61] : ${comment} cannot be resolved.
2021-06-07 14:31:08,977 - RHS of #set statement is null. Context will not be modified. vm/vue/index.vue.vm[line 159, column 1]
2021-06-07 14:31:08,977 - Left side ($parentheseIndex) of '!=' operation has null value. If it is a reference, it may not be in the context or its toString() returned null. vm/vue/index.vue.vm[line 160, column 24]
2021-06-07 14:31:08,977 - RHS of #set statement is null. Context will not be modified. vm/vue/index.vue.vm[line 161, column 1]
2021-06-07 14:31:08,977 - Null reference [template 'vm/vue/index.vue.vm', line 167, column 30] : ${comment} cannot be resolved.
2021-06-07 14:31:08,977 - Null reference [template 'vm/vue/index.vue.vm', line 168, column 61] : ${comment} cannot be resolved.
2021-06-07 14:31:08,977 - RHS of #set statement is null. Context will not be modified. vm/vue/index.vue.vm[line 159, column 1]
2021-06-07 14:31:08,977 - Left side ($parentheseIndex) of '!=' operation has null value. If it is a reference, it may not be in the context or its toString() returned null. vm/vue/index.vue.vm[line 160, column 24]
2021-06-07 14:31:08,977 - RHS of #set statement is null. Context will not be modified. vm/vue/index.vue.vm[line 161, column 1]
2021-06-07 14:31:08,977 - Null reference [template 'vm/vue/index.vue.vm', line 167, column 30] : ${comment} cannot be resolved.
2021-06-07 14:31:08,977 - Null reference [template 'vm/vue/index.vue.vm', line 168, column 61] : ${comment} cannot be resolved.
2021-06-07 14:31:08,977 - RHS of #set statement is null. Context will not be modified. vm/vue/index.vue.vm[line 159, column 1]
2021-06-07 14:31:08,977 - Left side ($parentheseIndex) of '!=' operation has null value. If it is a reference, it may not be in the context or its toString() returned null. vm/vue/index.vue.vm[line 160, column 24]
2021-06-07 14:31:08,977 - RHS of #set statement is null. Context will not be modified. vm/vue/index.vue.vm[line 161, column 1]
2021-06-07 14:31:08,977 - Null reference [template 'vm/vue/index.vue.vm', line 167, column 30] : ${comment} cannot be resolved.
2021-06-07 14:31:08,977 - Null reference [template 'vm/vue/index.vue.vm', line 168, column 61] : ${comment} cannot be resolved.
2021-06-07 14:31:08,977 - RHS of #set statement is null. Context will not be modified. vm/vue/index.vue.vm[line 159, column 1]
2021-06-07 14:31:08,977 - Left side ($parentheseIndex) of '!=' operation has null value. If it is a reference, it may not be in the context or its toString() returned null. vm/vue/index.vue.vm[line 160, column 24]
2021-06-07 14:31:08,977 - RHS of #set statement is null. Context will not be modified. vm/vue/index.vue.vm[line 161, column 1]
2021-06-07 14:31:08,977 - Null reference [template 'vm/vue/index.vue.vm', line 167, column 30] : ${comment} cannot be resolved.
2021-06-07 14:31:08,977 - Null reference [template 'vm/vue/index.vue.vm', line 168, column 61] : ${comment} cannot be resolved.
2021-06-07 14:31:08,977 - RHS of #set statement is null. Context will not be modified. vm/vue/index.vue.vm[line 159, column 1]
2021-06-07 14:31:08,977 - Left side ($parentheseIndex) of '!=' operation has null value. If it is a reference, it may not be in the context or its toString() returned null. vm/vue/index.vue.vm[line 160, column 24]
2021-06-07 14:31:08,977 - RHS of #set statement is null. Context will not be modified. vm/vue/index.vue.vm[line 161, column 1]
2021-06-07 14:31:08,977 - Null reference [template 'vm/vue/index.vue.vm', line 167, column 30] : ${comment} cannot be resolved.
2021-06-07 14:31:08,977 - Null reference [template 'vm/vue/index.vue.vm', line 168, column 61] : ${comment} cannot be resolved.
2021-06-07 14:31:08,977 - RHS of #set statement is null. Context will not be modified. vm/vue/index.vue.vm[line 159, column 1]
2021-06-07 14:31:08,977 - Left side ($parentheseIndex) of '!=' operation has null value. If it is a reference, it may not be in the context or its toString() returned null. vm/vue/index.vue.vm[line 160, column 24]
2021-06-07 14:31:08,977 - RHS of #set statement is null. Context will not be modified. vm/vue/index.vue.vm[line 161, column 1]
2021-06-07 14:31:08,977 - Null reference [template 'vm/vue/index.vue.vm', line 167, column 30] : ${comment} cannot be resolved.
2021-06-07 14:31:08,977 - Null reference [template 'vm/vue/index.vue.vm', line 168, column 61] : ${comment} cannot be resolved.
2021-06-07 14:31:08,977 - RHS of #set statement is null. Context will not be modified. vm/vue/index.vue.vm[line 159, column 1]
2021-06-07 14:31:08,977 - Left side ($parentheseIndex) of '!=' operation has null value. If it is a reference, it may not be in the context or its toString() returned null. vm/vue/index.vue.vm[line 160, column 24]
2021-06-07 14:31:08,977 - RHS of #set statement is null. Context will not be modified. vm/vue/index.vue.vm[line 161, column 1]
2021-06-07 14:31:08,977 - Null reference [template 'vm/vue/index.vue.vm', line 167, column 30] : ${comment} cannot be resolved.
2021-06-07 14:31:08,977 - Null reference [template 'vm/vue/index.vue.vm', line 168, column 61] : ${comment} cannot be resolved.
2021-06-07 14:31:08,977 - RHS of #set statement is null. Context will not be modified. vm/vue/index.vue.vm[line 159, column 1]
2021-06-07 14:31:08,977 - Left side ($parentheseIndex) of '!=' operation has null value. If it is a reference, it may not be in the context or its toString() returned null. vm/vue/index.vue.vm[line 160, column 24]
2021-06-07 14:31:08,977 - RHS of #set statement is null. Context will not be modified. vm/vue/index.vue.vm[line 161, column 1]
2021-06-07 14:31:08,977 - Null reference [template 'vm/vue/index.vue.vm', line 167, column 30] : ${comment} cannot be resolved.
2021-06-07 14:31:08,977 - Null reference [template 'vm/vue/index.vue.vm', line 168, column 61] : ${comment} cannot be resolved.
2021-06-07 14:31:08,977 - RHS of #set statement is null. Context will not be modified. vm/vue/index.vue.vm[line 253, column 1]
2021-06-07 14:31:08,977 - Left side ($parentheseIndex) of '!=' operation has null value. If it is a reference, it may not be in the context or its toString() returned null. vm/vue/index.vue.vm[line 254, column 24]
2021-06-07 14:31:08,977 - RHS of #set statement is null. Context will not be modified. vm/vue/index.vue.vm[line 255, column 1]
2021-06-07 14:31:08,978 - RHS of #set statement is null. Context will not be modified. vm/vue/index.vue.vm[line 253, column 1]
2021-06-07 14:31:08,978 - Left side ($parentheseIndex) of '!=' operation has null value. If it is a reference, it may not be in the context or its toString() returned null. vm/vue/index.vue.vm[line 254, column 24]
2021-06-07 14:31:08,978 - RHS of #set statement is null. Context will not be modified. vm/vue/index.vue.vm[line 255, column 1]
2021-06-07 14:31:08,978 - RHS of #set statement is null. Context will not be modified. vm/vue/index.vue.vm[line 253, column 1]
2021-06-07 14:31:08,978 - Left side ($parentheseIndex) of '!=' operation has null value. If it is a reference, it may not be in the context or its toString() returned null. vm/vue/index.vue.vm[line 254, column 24]
2021-06-07 14:31:08,978 - RHS of #set statement is null. Context will not be modified. vm/vue/index.vue.vm[line 255, column 1]
2021-06-07 14:31:08,978 - RHS of #set statement is null. Context will not be modified. vm/vue/index.vue.vm[line 253, column 1]
2021-06-07 14:31:08,978 - Left side ($parentheseIndex) of '!=' operation has null value. If it is a reference, it may not be in the context or its toString() returned null. vm/vue/index.vue.vm[line 254, column 24]
2021-06-07 14:31:08,978 - RHS of #set statement is null. Context will not be modified. vm/vue/index.vue.vm[line 255, column 1]
2021-06-07 14:31:08,978 - RHS of #set statement is null. Context will not be modified. vm/vue/index.vue.vm[line 253, column 1]
2021-06-07 14:31:08,978 - Left side ($parentheseIndex) of '!=' operation has null value. If it is a reference, it may not be in the context or its toString() returned null. vm/vue/index.vue.vm[line 254, column 24]
2021-06-07 14:31:08,978 - RHS of #set statement is null. Context will not be modified. vm/vue/index.vue.vm[line 255, column 1]
2021-06-07 14:31:08,978 - RHS of #set statement is null. Context will not be modified. vm/vue/index.vue.vm[line 253, column 1]
2021-06-07 14:31:08,978 - Left side ($parentheseIndex) of '!=' operation has null value. If it is a reference, it may not be in the context or its toString() returned null. vm/vue/index.vue.vm[line 254, column 24]
2021-06-07 14:31:08,978 - RHS of #set statement is null. Context will not be modified. vm/vue/index.vue.vm[line 255, column 1]
2021-06-07 14:31:08,978 - RHS of #set statement is null. Context will not be modified. vm/vue/index.vue.vm[line 253, column 1]
2021-06-07 14:31:08,978 - Left side ($parentheseIndex) of '!=' operation has null value. If it is a reference, it may not be in the context or its toString() returned null. vm/vue/index.vue.vm[line 254, column 24]
2021-06-07 14:31:08,978 - RHS of #set statement is null. Context will not be modified. vm/vue/index.vue.vm[line 255, column 1]
2021-06-07 14:31:08,978 - RHS of #set statement is null. Context will not be modified. vm/vue/index.vue.vm[line 253, column 1]
2021-06-07 14:31:08,978 - Left side ($parentheseIndex) of '!=' operation has null value. If it is a reference, it may not be in the context or its toString() returned null. vm/vue/index.vue.vm[line 254, column 24]
2021-06-07 14:31:08,978 - RHS of #set statement is null. Context will not be modified. vm/vue/index.vue.vm[line 255, column 1]
2021-06-07 14:31:08,978 - RHS of #set statement is null. Context will not be modified. vm/vue/index.vue.vm[line 253, column 1]
2021-06-07 14:31:08,978 - Left side ($parentheseIndex) of '!=' operation has null value. If it is a reference, it may not be in the context or its toString() returned null. vm/vue/index.vue.vm[line 254, column 24]
2021-06-07 14:31:08,978 - RHS of #set statement is null. Context will not be modified. vm/vue/index.vue.vm[line 255, column 1]
2021-06-07 14:31:08,978 - RHS of #set statement is null. Context will not be modified. vm/vue/index.vue.vm[line 253, column 1]
2021-06-07 14:31:08,978 - Left side ($parentheseIndex) of '!=' operation has null value. If it is a reference, it may not be in the context or its toString() returned null. vm/vue/index.vue.vm[line 254, column 24]
2021-06-07 14:31:08,978 - RHS of #set statement is null. Context will not be modified. vm/vue/index.vue.vm[line 255, column 1]
2021-06-07 14:31:08,978 - RHS of #set statement is null. Context will not be modified. vm/vue/index.vue.vm[line 253, column 1]
2021-06-07 14:31:08,978 - Left side ($parentheseIndex) of '!=' operation has null value. If it is a reference, it may not be in the context or its toString() returned null. vm/vue/index.vue.vm[line 254, column 24]
2021-06-07 14:31:08,978 - RHS of #set statement is null. Context will not be modified. vm/vue/index.vue.vm[line 255, column 1]
2021-06-07 14:31:08,978 - RHS of #set statement is null. Context will not be modified. vm/vue/index.vue.vm[line 253, column 1]
2021-06-07 14:31:08,978 - Left side ($parentheseIndex) of '!=' operation has null value. If it is a reference, it may not be in the context or its toString() returned null. vm/vue/index.vue.vm[line 254, column 24]
2021-06-07 14:31:08,978 - RHS of #set statement is null. Context will not be modified. vm/vue/index.vue.vm[line 255, column 1]
2021-06-07 14:31:08,978 - RHS of #set statement is null. Context will not be modified. vm/vue/index.vue.vm[line 253, column 1]
2021-06-07 14:31:08,978 - Left side ($parentheseIndex) of '!=' operation has null value. If it is a reference, it may not be in the context or its toString() returned null. vm/vue/index.vue.vm[line 254, column 24]
2021-06-07 14:31:08,978 - RHS of #set statement is null. Context will not be modified. vm/vue/index.vue.vm[line 255, column 1]
2021-06-07 14:31:08,978 - RHS of #set statement is null. Context will not be modified. vm/vue/index.vue.vm[line 253, column 1]
2021-06-07 14:31:08,978 - Left side ($parentheseIndex) of '!=' operation has null value. If it is a reference, it may not be in the context or its toString() returned null. vm/vue/index.vue.vm[line 254, column 24]
2021-06-07 14:31:08,978 - RHS of #set statement is null. Context will not be modified. vm/vue/index.vue.vm[line 255, column 1]
2021-06-07 14:31:08,978 - RHS of #set statement is null. Context will not be modified. vm/vue/index.vue.vm[line 253, column 1]
2021-06-07 14:31:08,978 - Left side ($parentheseIndex) of '!=' operation has null value. If it is a reference, it may not be in the context or its toString() returned null. vm/vue/index.vue.vm[line 254, column 24]
2021-06-07 14:31:08,978 - RHS of #set statement is null. Context will not be modified. vm/vue/index.vue.vm[line 255, column 1]
2021-06-07 14:31:08,978 - RHS of #set statement is null. Context will not be modified. vm/vue/index.vue.vm[line 253, column 1]
2021-06-07 14:31:08,979 - Left side ($parentheseIndex) of '!=' operation has null value. If it is a reference, it may not be in the context or its toString() returned null. vm/vue/index.vue.vm[line 254, column 24]
2021-06-07 14:31:08,979 - RHS of #set statement is null. Context will not be modified. vm/vue/index.vue.vm[line 255, column 1]
2021-06-07 14:31:08,979 - RHS of #set statement is null. Context will not be modified. vm/vue/index.vue.vm[line 253, column 1]
2021-06-07 14:31:08,979 - Left side ($parentheseIndex) of '!=' operation has null value. If it is a reference, it may not be in the context or its toString() returned null. vm/vue/index.vue.vm[line 254, column 24]
2021-06-07 14:31:08,979 - RHS of #set statement is null. Context will not be modified. vm/vue/index.vue.vm[line 255, column 1]
2021-06-07 14:31:08,979 - RHS of #set statement is null. Context will not be modified. vm/vue/index.vue.vm[line 253, column 1]
2021-06-07 14:31:08,979 - Left side ($parentheseIndex) of '!=' operation has null value. If it is a reference, it may not be in the context or its toString() returned null. vm/vue/index.vue.vm[line 254, column 24]
2021-06-07 14:31:08,979 - RHS of #set statement is null. Context will not be modified. vm/vue/index.vue.vm[line 255, column 1]
2021-06-07 14:31:08,979 - RHS of #set statement is null. Context will not be modified. vm/vue/index.vue.vm[line 253, column 1]
2021-06-07 14:31:08,979 - Left side ($parentheseIndex) of '!=' operation has null value. If it is a reference, it may not be in the context or its toString() returned null. vm/vue/index.vue.vm[line 254, column 24]
2021-06-07 14:31:08,979 - RHS of #set statement is null. Context will not be modified. vm/vue/index.vue.vm[line 255, column 1]
2021-06-07 14:31:08,979 - RHS of #set statement is null. Context will not be modified. vm/vue/index.vue.vm[line 253, column 1]
2021-06-07 14:31:08,979 - Left side ($parentheseIndex) of '!=' operation has null value. If it is a reference, it may not be in the context or its toString() returned null. vm/vue/index.vue.vm[line 254, column 24]
2021-06-07 14:31:08,979 - RHS of #set statement is null. Context will not be modified. vm/vue/index.vue.vm[line 255, column 1]
2021-06-07 14:31:08,979 - RHS of #set statement is null. Context will not be modified. vm/vue/index.vue.vm[line 253, column 1]
2021-06-07 14:31:08,979 - Left side ($parentheseIndex) of '!=' operation has null value. If it is a reference, it may not be in the context or its toString() returned null. vm/vue/index.vue.vm[line 254, column 24]
2021-06-07 14:31:08,979 - RHS of #set statement is null. Context will not be modified. vm/vue/index.vue.vm[line 255, column 1]
2021-06-07 14:31:08,979 - RHS of #set statement is null. Context will not be modified. vm/vue/index.vue.vm[line 253, column 1]
2021-06-07 14:31:08,979 - Left side ($parentheseIndex) of '!=' operation has null value. If it is a reference, it may not be in the context or its toString() returned null. vm/vue/index.vue.vm[line 254, column 24]
2021-06-07 14:31:08,979 - RHS of #set statement is null. Context will not be modified. vm/vue/index.vue.vm[line 255, column 1]
2021-06-07 14:31:08,979 - RHS of #set statement is null. Context will not be modified. vm/vue/index.vue.vm[line 253, column 1]
2021-06-07 14:31:08,979 - Left side ($parentheseIndex) of '!=' operation has null value. If it is a reference, it may not be in the context or its toString() returned null. vm/vue/index.vue.vm[line 254, column 24]
2021-06-07 14:31:08,979 - RHS of #set statement is null. Context will not be modified. vm/vue/index.vue.vm[line 255, column 1]
2021-06-07 14:31:08,979 - RHS of #set statement is null. Context will not be modified. vm/vue/index.vue.vm[line 253, column 1]
2021-06-07 14:31:08,979 - Left side ($parentheseIndex) of '!=' operation has null value. If it is a reference, it may not be in the context or its toString() returned null. vm/vue/index.vue.vm[line 254, column 24]
2021-06-07 14:31:08,979 - RHS of #set statement is null. Context will not be modified. vm/vue/index.vue.vm[line 255, column 1]
2021-06-07 14:31:08,979 - RHS of #set statement is null. Context will not be modified. vm/vue/index.vue.vm[line 253, column 1]
2021-06-07 14:31:08,979 - Left side ($parentheseIndex) of '!=' operation has null value. If it is a reference, it may not be in the context or its toString() returned null. vm/vue/index.vue.vm[line 254, column 24]
2021-06-07 14:31:08,979 - RHS of #set statement is null. Context will not be modified. vm/vue/index.vue.vm[line 255, column 1]
2021-06-07 14:31:08,979 - RHS of #set statement is null. Context will not be modified. vm/vue/index.vue.vm[line 253, column 1]
2021-06-07 14:31:08,979 - Left side ($parentheseIndex) of '!=' operation has null value. If it is a reference, it may not be in the context or its toString() returned null. vm/vue/index.vue.vm[line 254, column 24]
2021-06-07 14:31:08,979 - RHS of #set statement is null. Context will not be modified. vm/vue/index.vue.vm[line 255, column 1]
2021-06-07 14:31:08,979 - RHS of #set statement is null. Context will not be modified. vm/vue/index.vue.vm[line 253, column 1]
2021-06-07 14:31:08,979 - Left side ($parentheseIndex) of '!=' operation has null value. If it is a reference, it may not be in the context or its toString() returned null. vm/vue/index.vue.vm[line 254, column 24]
2021-06-07 14:31:08,979 - RHS of #set statement is null. Context will not be modified. vm/vue/index.vue.vm[line 255, column 1]
2021-06-07 14:31:08,979 - RHS of #set statement is null. Context will not be modified. vm/vue/index.vue.vm[line 253, column 1]
2021-06-07 14:31:08,979 - Left side ($parentheseIndex) of '!=' operation has null value. If it is a reference, it may not be in the context or its toString() returned null. vm/vue/index.vue.vm[line 254, column 24]
2021-06-07 14:31:08,979 - RHS of #set statement is null. Context will not be modified. vm/vue/index.vue.vm[line 255, column 1]
2021-06-07 14:31:08,979 - RHS of #set statement is null. Context will not be modified. vm/vue/index.vue.vm[line 253, column 1]
2021-06-07 14:31:08,979 - Left side ($parentheseIndex) of '!=' operation has null value. If it is a reference, it may not be in the context or its toString() returned null. vm/vue/index.vue.vm[line 254, column 24]
2021-06-07 14:31:08,979 - RHS of #set statement is null. Context will not be modified. vm/vue/index.vue.vm[line 255, column 1]
2021-06-07 14:31:08,979 - RHS of #set statement is null. Context will not be modified. vm/vue/index.vue.vm[line 253, column 1]
2021-06-07 14:31:08,979 - Left side ($parentheseIndex) of '!=' operation has null value. If it is a reference, it may not be in the context or its toString() returned null. vm/vue/index.vue.vm[line 254, column 24]
2021-06-07 14:31:08,979 - RHS of #set statement is null. Context will not be modified. vm/vue/index.vue.vm[line 255, column 1]
2021-06-07 14:31:08,979 - RHS of #set statement is null. Context will not be modified. vm/vue/index.vue.vm[line 253, column 1]
2021-06-07 14:31:08,980 - Left side ($parentheseIndex) of '!=' operation has null value. If it is a reference, it may not be in the context or its toString() returned null. vm/vue/index.vue.vm[line 254, column 24]
2021-06-07 14:31:08,980 - RHS of #set statement is null. Context will not be modified. vm/vue/index.vue.vm[line 255, column 1]
2021-06-07 14:31:08,980 - RHS of #set statement is null. Context will not be modified. vm/vue/index.vue.vm[line 253, column 1]
2021-06-07 14:31:08,980 - Left side ($parentheseIndex) of '!=' operation has null value. If it is a reference, it may not be in the context or its toString() returned null. vm/vue/index.vue.vm[line 254, column 24]
2021-06-07 14:31:08,980 - RHS of #set statement is null. Context will not be modified. vm/vue/index.vue.vm[line 255, column 1]
2021-06-07 14:31:08,980 - RHS of #set statement is null. Context will not be modified. vm/vue/index.vue.vm[line 253, column 1]
2021-06-07 14:31:08,980 - Left side ($parentheseIndex) of '!=' operation has null value. If it is a reference, it may not be in the context or its toString() returned null. vm/vue/index.vue.vm[line 254, column 24]
2021-06-07 14:31:08,980 - RHS of #set statement is null. Context will not be modified. vm/vue/index.vue.vm[line 255, column 1]
2021-06-07 14:31:08,980 - RHS of #set statement is null. Context will not be modified. vm/vue/index.vue.vm[line 253, column 1]
2021-06-07 14:31:08,980 - Left side ($parentheseIndex) of '!=' operation has null value. If it is a reference, it may not be in the context or its toString() returned null. vm/vue/index.vue.vm[line 254, column 24]
2021-06-07 14:31:08,980 - RHS of #set statement is null. Context will not be modified. vm/vue/index.vue.vm[line 255, column 1]
2021-06-07 14:31:08,980 - RHS of #set statement is null. Context will not be modified. vm/vue/index.vue.vm[line 253, column 1]
2021-06-07 14:31:08,980 - Left side ($parentheseIndex) of '!=' operation has null value. If it is a reference, it may not be in the context or its toString() returned null. vm/vue/index.vue.vm[line 254, column 24]
2021-06-07 14:31:08,980 - RHS of #set statement is null. Context will not be modified. vm/vue/index.vue.vm[line 255, column 1]
2021-06-07 14:31:08,980 - RHS of #set statement is null. Context will not be modified. vm/vue/index.vue.vm[line 253, column 1]
2021-06-07 14:31:08,980 - Left side ($parentheseIndex) of '!=' operation has null value. If it is a reference, it may not be in the context or its toString() returned null. vm/vue/index.vue.vm[line 254, column 24]
2021-06-07 14:31:08,980 - RHS of #set statement is null. Context will not be modified. vm/vue/index.vue.vm[line 255, column 1]
2021-06-07 14:31:08,980 - RHS of #set statement is null. Context will not be modified. vm/vue/index.vue.vm[line 253, column 1]
2021-06-07 14:31:08,980 - Left side ($parentheseIndex) of '!=' operation has null value. If it is a reference, it may not be in the context or its toString() returned null. vm/vue/index.vue.vm[line 254, column 24]
2021-06-07 14:31:08,980 - RHS of #set statement is null. Context will not be modified. vm/vue/index.vue.vm[line 255, column 1]
2021-06-07 14:31:08,980 - RHS of #set statement is null. Context will not be modified. vm/vue/index.vue.vm[line 253, column 1]
2021-06-07 14:31:08,980 - Left side ($parentheseIndex) of '!=' operation has null value. If it is a reference, it may not be in the context or its toString() returned null. vm/vue/index.vue.vm[line 254, column 24]
2021-06-07 14:31:08,980 - RHS of #set statement is null. Context will not be modified. vm/vue/index.vue.vm[line 255, column 1]
2021-06-07 14:31:08,980 - RHS of #set statement is null. Context will not be modified. vm/vue/index.vue.vm[line 253, column 1]
2021-06-07 14:31:08,980 - Left side ($parentheseIndex) of '!=' operation has null value. If it is a reference, it may not be in the context or its toString() returned null. vm/vue/index.vue.vm[line 254, column 24]
2021-06-07 14:31:08,980 - RHS of #set statement is null. Context will not be modified. vm/vue/index.vue.vm[line 255, column 1]
2021-06-07 14:31:08,980 - RHS of #set statement is null. Context will not be modified. vm/vue/index.vue.vm[line 253, column 1]
2021-06-07 14:31:08,980 - Left side ($parentheseIndex) of '!=' operation has null value. If it is a reference, it may not be in the context or its toString() returned null. vm/vue/index.vue.vm[line 254, column 24]
2021-06-07 14:31:08,980 - RHS of #set statement is null. Context will not be modified. vm/vue/index.vue.vm[line 255, column 1]
2021-06-07 14:31:08,980 - RHS of #set statement is null. Context will not be modified. vm/vue/index.vue.vm[line 253, column 1]
2021-06-07 14:31:08,980 - Left side ($parentheseIndex) of '!=' operation has null value. If it is a reference, it may not be in the context or its toString() returned null. vm/vue/index.vue.vm[line 254, column 24]
2021-06-07 14:31:08,980 - RHS of #set statement is null. Context will not be modified. vm/vue/index.vue.vm[line 255, column 1]
2021-06-07 14:31:08,980 - RHS of #set statement is null. Context will not be modified. vm/vue/index.vue.vm[line 253, column 1]
2021-06-07 14:31:08,980 - Left side ($parentheseIndex) of '!=' operation has null value. If it is a reference, it may not be in the context or its toString() returned null. vm/vue/index.vue.vm[line 254, column 24]
2021-06-07 14:31:08,980 - RHS of #set statement is null. Context will not be modified. vm/vue/index.vue.vm[line 255, column 1]
2021-06-07 14:31:08,980 - RHS of #set statement is null. Context will not be modified. vm/vue/index.vue.vm[line 253, column 1]
2021-06-07 14:31:08,980 - Left side ($parentheseIndex) of '!=' operation has null value. If it is a reference, it may not be in the context or its toString() returned null. vm/vue/index.vue.vm[line 254, column 24]
2021-06-07 14:31:08,980 - RHS of #set statement is null. Context will not be modified. vm/vue/index.vue.vm[line 255, column 1]
2021-06-07 14:31:08,980 - RHS of #set statement is null. Context will not be modified. vm/vue/index.vue.vm[line 253, column 1]
2021-06-07 14:31:08,980 - Left side ($parentheseIndex) of '!=' operation has null value. If it is a reference, it may not be in the context or its toString() returned null. vm/vue/index.vue.vm[line 254, column 24]
2021-06-07 14:31:08,980 - RHS of #set statement is null. Context will not be modified. vm/vue/index.vue.vm[line 255, column 1]
2021-06-07 14:31:08,980 - RHS of #set statement is null. Context will not be modified. vm/vue/index.vue.vm[line 253, column 1]
2021-06-07 14:31:08,980 - Left side ($parentheseIndex) of '!=' operation has null value. If it is a reference, it may not be in the context or its toString() returned null. vm/vue/index.vue.vm[line 254, column 24]
2021-06-07 14:31:08,980 - RHS of #set statement is null. Context will not be modified. vm/vue/index.vue.vm[line 255, column 1]
2021-06-07 14:31:08,981 - Null reference [template 'vm/vue/index.vue.vm', line 415, column 12] : $confirm cannot be resolved.
2021-06-07 14:31:08,981 - Null reference [template 'vm/vue/index.vue.vm', line 429, column 12] : $confirm cannot be resolved.
